빌드 시작: 2019-12-29 오후 5:33:07
     1>2 노드의 "E:\C언어\part03-배열\part03-배열\part03-배열.vcxproj" 프로젝트(build 대상)입니다.
     1>InitializeBuildStatus:
         "AlwaysCreate"이(가) 지정되었기 때문에 "Debug\part03-배열.unsuccessfulbuild"을(를) 만들고 있습니다.
       ClCompile:
         모든 출력이 최신 상태입니다.
       ManifestResourceCompile:
         모든 출력이 최신 상태입니다.
       Link:
         C:\Program Files (x86)\Microsoft Visual Studio 10.0\VC\bin\link.exe /ERRORREPORT:PROMPT /OUT:"E:\C언어\part03-배열\Debug\part03-배열.exe" /INCREMENTAL /NOLOGO kernel32.lib user32.lib gdi32.lib winspool.lib comdlg32.lib advapi32.lib shell32.lib ole32.lib oleaut32.lib uuid.lib odbc32.lib odbccp32.lib /MANIFEST /ManifestFile:"Debug\part03-배열.exe.intermediate.manifest" /MANIFESTUAC:"level='asInvoker' uiAccess='false'" /DEBUG /PDB:"E:\C언어\part03-배열\Debug\part03-배열.pdb" /SUBSYSTEM:CONSOLE /TLBID:1 /DYNAMICBASE /NXCOMPAT /IMPLIB:"E:\C언어\part03-배열\Debug\part03-배열.lib" /MACHINE:X86 "Debug\part03-배열.exe.embed.manifest.res"
         "Debug\04_2차원배열_quiz.obj"
       Manifest:
         C:\Program Files (x86)\Microsoft SDKs\Windows\v7.0A\bin\mt.exe /nologo /verbose /out:"Debug\part03-배열.exe.embed.manifest" /manifest "Debug\part03-배열.exe.intermediate.manifest"
         모든 출력이 최신 상태입니다.
       LinkEmbedManifest:
         모든 출력이 최신 상태입니다.
         part03-배열.vcxproj -> E:\C언어\part03-배열\Debug\part03-배열.exe
       FinalizeBuildStatus:
         "Debug\part03-배열.unsuccessfulbuild" 파일을 삭제하고 있습니다.
         "Debug\part03-배열.lastbuildstate"에 연결(touching)하고 있습니다.
     1>"E:\C언어\part03-배열\part03-배열\part03-배열.vcxproj" 프로젝트를 빌드했습니다(build 대상).

빌드했습니다.

경과 시간: 00:00:02.28
