빌드 시작: 2020-01-05 오후 5:42:25
     1>2 노드의 "E:\C언어\Part05-포인터\Part05-포인터\Part05-포인터.vcxproj" 프로젝트(build 대상)입니다.
     1>InitializeBuildStatus:
         "AlwaysCreate"이(가) 지정되었기 때문에 "Debug\Part05-포인터.unsuccessfulbuild"을(를) 만들고 있습니다.
       ClCompile:
         모든 출력이 최신 상태입니다.
       ManifestResourceCompile:
         모든 출력이 최신 상태입니다.
       Link:
         C:\Program Files (x86)\Microsoft Visual Studio 10.0\VC\bin\link.exe /ERRORREPORT:PROMPT /OUT:"E:\C언어\Part05-포인터\Debug\Part05-포인터.exe" /INCREMENTAL /NOLOGO kernel32.lib user32.lib gdi32.lib winspool.lib comdlg32.lib advapi32.lib shell32.lib ole32.lib oleaut32.lib uuid.lib odbc32.lib odbccp32.lib /MANIFEST /ManifestFile:"Debug\Part05-포인터.exe.intermediate.manifest" /MANIFESTUAC:"level='asInvoker' uiAccess='false'" /DEBUG /PDB:"E:\C언어\Part05-포인터\Debug\Part05-포인터.pdb" /SUBSYSTEM:CONSOLE /TLBID:1 /DYNAMICBASE /NXCOMPAT /IMPLIB:"E:\C언어\Part05-포인터\Debug\Part05-포인터.lib" /MACHINE:X86 "Debug\Part05-포인터.exe.embed.manifest.res"
         "Debug\08_포인터와문자열.obj"
       Manifest:
         C:\Program Files (x86)\Microsoft SDKs\Windows\v7.0A\bin\mt.exe /nologo /verbose /out:"Debug\Part05-포인터.exe.embed.manifest" /manifest "Debug\Part05-포인터.exe.intermediate.manifest"
         모든 출력이 최신 상태입니다.
       LinkEmbedManifest:
         모든 출력이 최신 상태입니다.
         Part05-포인터.vcxproj -> E:\C언어\Part05-포인터\Debug\Part05-포인터.exe
       FinalizeBuildStatus:
         "Debug\Part05-포인터.unsuccessfulbuild" 파일을 삭제하고 있습니다.
         "Debug\Part05-포인터.lastbuildstate"에 연결(touching)하고 있습니다.
     1>"E:\C언어\Part05-포인터\Part05-포인터\Part05-포인터.vcxproj" 프로젝트를 빌드했습니다(build 대상).

빌드했습니다.

경과 시간: 00:00:05.17
